Copyright 1986-2022 Xilinx, Inc. All Rights Reserved. Copyright 2022-2023 Advanced Micro Devices, Inc. All Rights Reserved.
---------------------------------------------------------------------------------------------------------------------------------------------
| Tool Version : Vivado v.2023.2 (win64) Build 4029153 Fri Oct 13 20:14:34 MDT 2023
| Date         : Sat Jul  4 00:27:12 2026
| Host         : lvan running 64-bit major release  (build 9200)
| Command      : report_control_sets -verbose -file top_control_sets_placed.rpt
| Design       : top
| Device       : xc7s6
---------------------------------------------------------------------------------------------------------------------------------------------

Control Set Information

Table of Contents
-----------------
1. Summary
2. Histogram
3. Flip-Flop Distribution
4. Detailed Control Set Information

1. Summary
----------

+----------------------------------------------------------+-------+
|                          Status                          | Count |
+----------------------------------------------------------+-------+
| Total control sets                                       |   207 |
|    Minimum number of control sets                        |   207 |
|    Addition due to synthesis replication                 |     0 |
|    Addition due to physical synthesis replication        |     0 |
| Unused register locations in slices containing registers |   126 |
+----------------------------------------------------------+-------+
* Control sets can be merged at opt_design using control_set_merge or merge_equivalent_drivers
** Run report_qor_suggestions for automated merging and remapping suggestions


2. Histogram
------------

+--------------------+-------+
|       Fanout       | Count |
+--------------------+-------+
| Total control sets |   207 |
| >= 0 to < 4        |     2 |
| >= 4 to < 6        |    15 |
| >= 6 to < 8        |     3 |
| >= 8 to < 10       |   107 |
| >= 10 to < 12      |     0 |
| >= 12 to < 14      |     3 |
| >= 14 to < 16      |     0 |
| >= 16              |    77 |
+--------------------+-------+
* Control sets can be remapped at either synth_design or opt_design


3. Flip-Flop Distribution
-------------------------

+--------------+-----------------------+------------------------+-----------------+--------------+
| Clock Enable | Synchronous Set/Reset | Asynchronous Set/Reset | Total Registers | Total Slices |
+--------------+-----------------------+------------------------+-----------------+--------------+
| No           | No                    | No                     |               7 |            3 |
| No           | No                    | Yes                    |             150 |           51 |
| No           | Yes                   | No                     |            1012 |          325 |
| Yes          | No                    | No                     |               0 |            0 |
| Yes          | No                    | Yes                    |             105 |           23 |
| Yes          | Yes                   | No                     |            2480 |          776 |
+--------------+-----------------------+------------------------+-----------------+--------------+


4. Detailed Control Set Information
-----------------------------------

+----------------+--------------------------------------------------------------------------------------+------------------------------------+------------------+----------------+--------------+
|  Clock Signal  |                                     Enable Signal                                    |          Set/Reset Signal          | Slice Load Count | Bel Load Count | Bels / Slice |
+----------------+--------------------------------------------------------------------------------------+------------------------------------+------------------+----------------+--------------+
|  clk_IBUF_BUFG | ds1302_wr_drive_list/ds1302_io_convert_inst/cs_ctrl_i_1_n_0                          | rst_IBUF                           |                1 |              1 |         1.00 |
|  clk_IBUF_BUFG | ad_crtl_list/iic_drive_list/iic_scl_i_1_n_0                                          | rst_IBUF                           |                1 |              1 |         1.00 |
|  clk_IBUF_BUFG | uart_tx_list/bit_flag_reg_n_0                                                        | uart_tx_list/bit_cnt[3]_i_1_n_0    |                1 |              4 |         4.00 |
|  clk_IBUF_BUFG | ds1302_wr_drive_list/ds1302_io_convert_inst/send_data[7]_i_1_n_0                     | rst_IBUF                           |                1 |              4 |         4.00 |
|  clk_IBUF_BUFG | fsm_uut/rle_encode_list/FSM_onehot_state[3]_i_1_n_0                                  | rst_IBUF                           |                1 |              4 |         4.00 |
|  clk_IBUF_BUFG | ad_crtl_list/iic_drive_list/bit_cnt[3]_i_1__0_n_0                                    | rst_IBUF                           |                2 |              4 |         2.00 |
|  clk_IBUF_BUFG | fsm_uut/normalization_list/div_bit                                                   | rst_IBUF                           |                1 |              4 |         4.00 |
|  clk_IBUF_BUFG | ds1302_wr_drive_list/read_addr                                                       | rst_IBUF                           |                1 |              4 |         4.00 |
|  clk_IBUF_BUFG |                                                                                      | fsm_uut/data_4[3]_i_1_n_0          |                2 |              4 |         2.00 |
|  clk_IBUF_BUFG | fsm_uut/result_index_20                                                              | fsm_uut/result_index_2[4]_i_1_n_0  |                1 |              5 |         5.00 |
|  clk_IBUF_BUFG | fsm_uut/rle_encode_list/FSM_onehot_state_reg_n_0_[3]                                 | rst_IBUF                           |                1 |              5 |         5.00 |
|  clk_IBUF_BUFG | fsm_uut/p_7_in                                                                       | rst_IBUF                           |                3 |              5 |         1.67 |
|  clk_IBUF_BUFG | fsm_uut/normalization_list/cnt[4]_i_1_n_0                                            | rst_IBUF                           |                2 |              5 |         2.50 |
|  clk_IBUF_BUFG | fsm_uut/result_index_40                                                              | fsm_uut/result_index_4[4]_i_1_n_0  |                1 |              5 |         5.00 |
|  clk_IBUF_BUFG | fsm_uut/p_9_in                                                                       | key_debounce_s4/key_flag_reg_0[0]  |                1 |              5 |         5.00 |
|  clk_IBUF_BUFG | key_debounce_s1/key_s1_pulse                                                         | key_debounce_s3/SR[0]              |                3 |              5 |         1.67 |
|  clk_IBUF_BUFG | fsm_uut/result_index_30                                                              | fsm_uut/result_index_3[4]_i_1_n_0  |                1 |              5 |         5.00 |
|  clk_IBUF_BUFG | fsm_uut/send_phase0                                                                  | key_debounce_s4/key_flag_reg_0[0]  |                3 |              6 |         2.00 |
|  clk_IBUF_BUFG | ds1302_wr_drive_list/ds1302_io_convert_inst/Q[0]                                     | rst_IBUF                           |                2 |              6 |         3.00 |
|  clk_IBUF_BUFG |                                                                                      |                                    |                3 |              7 |         2.33 |
|  clk_IBUF_BUFG | fsm_uut/result_3[2][7]_i_1_n_0                                                       | rst_IBUF                           |                2 |              8 |         4.00 |
|  clk_IBUF_BUFG | fsm_uut/result_2[8][7]_i_1_n_0                                                       | rst_IBUF                           |                2 |              8 |         4.00 |
|  clk_IBUF_BUFG | fsm_uut/result_3[7][7]_i_1_n_0                                                       | rst_IBUF                           |                4 |              8 |         2.00 |
|  clk_IBUF_BUFG | fsm_uut/result_2[9][7]_i_1_n_0                                                       | rst_IBUF                           |                3 |              8 |         2.67 |
|  clk_IBUF_BUFG | ds1302_wr_drive_list/ds1302_io_convert_inst/spi_master_inst/miso_shift[7]_i_1_n_0    | rst_IBUF                           |                1 |              8 |         8.00 |
|  clk_IBUF_BUFG | ds1302_wr_drive_list/ds1302_io_convert_inst/spi_master_inst/mosi_shift[7]_i_1_n_0    | rst_IBUF                           |                1 |              8 |         8.00 |
|  clk_IBUF_BUFG | ds1302_wr_drive_list/ds1302_io_convert_inst/spi_master_inst/E[0]                     | rst_IBUF                           |                1 |              8 |         8.00 |
|  clk_IBUF_BUFG | ds1302_wr_drive_list/ds1302_io_convert_inst/D[1]                                     | rst_IBUF                           |                1 |              8 |         8.00 |
|  clk_IBUF_BUFG | ds1302_wr_drive_list/ds1302_io_convert_inst/FSM_onehot_state_reg[2]_0[0]             | rst_IBUF                           |                1 |              8 |         8.00 |
|  clk_IBUF_BUFG | ds1302_wr_drive_list/ds1302_io_convert_inst/E[0]                                     | rst_IBUF                           |                1 |              8 |         8.00 |
|  clk_IBUF_BUFG | ad_crtl_list/iic_drive_list/byte_cnt_0                                               | rst_IBUF                           |                3 |              8 |         2.67 |
|  clk_IBUF_BUFG | fsm_uut/moving_average_list/dout[11][7]_i_1_n_0                                      | fsm_uut/moving_average_list/dout   |                1 |              8 |         8.00 |
|  clk_IBUF_BUFG | fsm_uut/moving_average_list/dout[5][7]_i_1_n_0                                       | fsm_uut/moving_average_list/dout   |                2 |              8 |         4.00 |
|  clk_IBUF_BUFG | fsm_uut/moving_average_list/dout[6][7]_i_1_n_0                                       | fsm_uut/moving_average_list/dout   |                2 |              8 |         4.00 |
|  clk_IBUF_BUFG | fsm_uut/moving_average_list/dout[2][7]_i_2_n_0                                       | fsm_uut/moving_average_list/dout   |                1 |              8 |         8.00 |
|  clk_IBUF_BUFG | fsm_uut/moving_average_list/dout[7][7]_i_1_n_0                                       | fsm_uut/moving_average_list/dout   |                2 |              8 |         4.00 |
|  clk_IBUF_BUFG | fsm_uut/moving_average_list/dout[8][7]_i_1_n_0                                       | fsm_uut/moving_average_list/dout   |                1 |              8 |         8.00 |
|  clk_IBUF_BUFG | fsm_uut/moving_average_list/dout[15][7]_i_1_n_0                                      | fsm_uut/moving_average_list/dout   |                3 |              8 |         2.67 |
|  clk_IBUF_BUFG | fsm_uut/moving_average_list/dout[13][7]_i_1_n_0                                      | fsm_uut/moving_average_list/dout   |                1 |              8 |         8.00 |
|  clk_IBUF_BUFG | fsm_uut/moving_average_list/dout[4][7]_i_1_n_0                                       | fsm_uut/moving_average_list/dout   |                2 |              8 |         4.00 |
|  clk_IBUF_BUFG | fsm_uut/moving_average_list/dout[9][7]_i_1_n_0                                       | fsm_uut/moving_average_list/dout   |                1 |              8 |         8.00 |
|  clk_IBUF_BUFG | fsm_uut/moving_average_list/dout[3][7]_i_1_n_0                                       | fsm_uut/moving_average_list/dout   |                2 |              8 |         4.00 |
|  clk_IBUF_BUFG | fsm_uut/moving_average_list/dout[10][7]_i_1_n_0                                      | fsm_uut/moving_average_list/dout   |                3 |              8 |         2.67 |
|  clk_IBUF_BUFG | fsm_uut/normalization_list/max_val                                                   | rst_IBUF                           |                2 |              8 |         4.00 |
|  clk_IBUF_BUFG | fsm_uut/moving_average_list/dout[12][7]_i_1_n_0                                      | fsm_uut/moving_average_list/dout   |                2 |              8 |         4.00 |
|  clk_IBUF_BUFG | fsm_uut/normalization_list/divisor                                                   | rst_IBUF                           |                2 |              8 |         4.00 |
|  clk_IBUF_BUFG | fsm_uut/normalization_list/min_val                                                   | rst_IBUF                           |                2 |              8 |         4.00 |
|  clk_IBUF_BUFG | fsm_uut/normalization_list/result_val[13][7]_i_1_n_0                                 | rst_IBUF                           |                5 |              8 |         1.60 |
|  clk_IBUF_BUFG | fsm_uut/normalization_list/result_val[10][7]_i_1_n_0                                 | rst_IBUF                           |                2 |              8 |         4.00 |
|  clk_IBUF_BUFG | fsm_uut/normalization_list/result_val[11][7]_i_1_n_0                                 | rst_IBUF                           |                2 |              8 |         4.00 |
|  clk_IBUF_BUFG | fsm_uut/normalization_list/result_val[12][7]_i_1_n_0                                 | rst_IBUF                           |                3 |              8 |         2.67 |
|  clk_IBUF_BUFG | fsm_uut/normalization_list/result_val[14][7]_i_1_n_0                                 | rst_IBUF                           |                3 |              8 |         2.67 |
|  clk_IBUF_BUFG | fsm_uut/normalization_list/result_val[15][7]_i_1_n_0                                 | rst_IBUF                           |                3 |              8 |         2.67 |
|  clk_IBUF_BUFG | fsm_uut/normalization_list/result_val[0][7]_i_1_n_0                                  | rst_IBUF                           |                3 |              8 |         2.67 |
|  clk_IBUF_BUFG | fsm_uut/normalization_list/result_val[1][7]_i_1_n_0                                  | rst_IBUF                           |                2 |              8 |         4.00 |
|  clk_IBUF_BUFG | fsm_uut/normalization_list/result_val[2][7]_i_1_n_0                                  | rst_IBUF                           |                2 |              8 |         4.00 |
|  clk_IBUF_BUFG | fsm_uut/normalization_list/result_val[3][7]_i_1_n_0                                  | rst_IBUF                           |                3 |              8 |         2.67 |
|  clk_IBUF_BUFG | fsm_uut/normalization_list/result_val[6][7]_i_1_n_0                                  | rst_IBUF                           |                3 |              8 |         2.67 |
|  clk_IBUF_BUFG | fsm_uut/moving_average_list/dout[14][7]_i_1_n_0                                      | fsm_uut/moving_average_list/dout   |                1 |              8 |         8.00 |
|  clk_IBUF_BUFG | fsm_uut/normalization_list/result_val[4][7]_i_1_n_0                                  | rst_IBUF                           |                2 |              8 |         4.00 |
|  clk_IBUF_BUFG | fsm_uut/normalization_list/result_val[9][7]_i_1_n_0                                  | rst_IBUF                           |                4 |              8 |         2.00 |
|  clk_IBUF_BUFG | fsm_uut/normalization_list/result_val[5][7]_i_1_n_0                                  | rst_IBUF                           |                4 |              8 |         2.00 |
|  clk_IBUF_BUFG | fsm_uut/normalization_list/result_val[8][7]_i_1_n_0                                  | rst_IBUF                           |                2 |              8 |         4.00 |
|  clk_IBUF_BUFG | fsm_uut/normalization_list/result_val[7][7]_i_1_n_0                                  | rst_IBUF                           |                3 |              8 |         2.67 |
|  clk_IBUF_BUFG | fsm_uut/normalization_list/CEP                                                       | rst_IBUF                           |                2 |              8 |         4.00 |
|  clk_IBUF_BUFG | fsm_uut/buff_data[12][7]_i_1_n_0                                                     | key_debounce_s3/key_flag_reg_0[0]  |                1 |              8 |         8.00 |
|  clk_IBUF_BUFG | fsm_uut/E[0]                                                                         | rst_IBUF                           |                2 |              8 |         4.00 |
|  clk_IBUF_BUFG | fsm_uut/buff_data[8][7]_i_1_n_0                                                      | key_debounce_s3/key_flag_reg_0[0]  |                2 |              8 |         4.00 |
|  clk_IBUF_BUFG | fsm_uut/buff_data[10][7]_i_1_n_0                                                     | key_debounce_s3/key_flag_reg_0[0]  |                1 |              8 |         8.00 |
|  clk_IBUF_BUFG | fsm_uut/buff_data[6][7]_i_1_n_0                                                      | key_debounce_s3/key_flag_reg_0[0]  |                1 |              8 |         8.00 |
|  clk_IBUF_BUFG | fsm_uut/buff_data[3][7]_i_1_n_0                                                      | key_debounce_s3/key_flag_reg_0[0]  |                2 |              8 |         4.00 |
|  clk_IBUF_BUFG | fsm_uut/buff_data[14][7]_i_1_n_0                                                     | key_debounce_s3/key_flag_reg_0[0]  |                1 |              8 |         8.00 |
|  clk_IBUF_BUFG | fsm_uut/buff_data[1][7]_i_1_n_0                                                      | key_debounce_s3/key_flag_reg_0[0]  |                1 |              8 |         8.00 |
|  clk_IBUF_BUFG | fsm_uut/buff_data[4][7]_i_1_n_0                                                      | key_debounce_s3/key_flag_reg_0[0]  |                2 |              8 |         4.00 |
|  clk_IBUF_BUFG | fsm_uut/buff_data[7][7]_i_1_n_0                                                      | key_debounce_s3/key_flag_reg_0[0]  |                4 |              8 |         2.00 |
|  clk_IBUF_BUFG | fsm_uut/buff_data[9][7]_i_1_n_0                                                      | key_debounce_s3/key_flag_reg_0[0]  |                1 |              8 |         8.00 |
|  clk_IBUF_BUFG | fsm_uut/buff_data[13][7]_i_1_n_0                                                     | key_debounce_s3/key_flag_reg_0[0]  |                1 |              8 |         8.00 |
|  clk_IBUF_BUFG | fsm_uut/buff_data[0][7]_i_2_n_0                                                      | key_debounce_s3/key_flag_reg_0[0]  |                2 |              8 |         4.00 |
|  clk_IBUF_BUFG | fsm_uut/buff_data                                                                    | key_debounce_s3/key_flag_reg_0[0]  |                2 |              8 |         4.00 |
|  clk_IBUF_BUFG | fsm_uut/buff_data[11][7]_i_1_n_0                                                     | key_debounce_s3/key_flag_reg_0[0]  |                1 |              8 |         8.00 |
|  clk_IBUF_BUFG | fsm_uut/buff_data[5][7]_i_1_n_0                                                      | key_debounce_s3/key_flag_reg_0[0]  |                1 |              8 |         8.00 |
|  clk_IBUF_BUFG | fsm_uut/result_2[2][7]_i_1_n_0                                                       | rst_IBUF                           |                3 |              8 |         2.67 |
|  clk_IBUF_BUFG | fsm_uut/buff_data[2][7]_i_1_n_0                                                      | key_debounce_s3/key_flag_reg_0[0]  |                1 |              8 |         8.00 |
|  clk_IBUF_BUFG | fsm_uut/din_flat_3[263]_i_1_n_0                                                      | rst_IBUF                           |                2 |              8 |         4.00 |
|  clk_IBUF_BUFG | fsm_uut/din_flat_3[39]_i_1_n_0                                                       | rst_IBUF                           |                1 |              8 |         8.00 |
|  clk_IBUF_BUFG | fsm_uut/din_flat_3[455]_i_1_n_0                                                      | rst_IBUF                           |                2 |              8 |         4.00 |
|  clk_IBUF_BUFG | fsm_uut/din_flat_3[7]_i_1_n_0                                                        | rst_IBUF                           |                2 |              8 |         4.00 |
|  clk_IBUF_BUFG | fsm_uut/din_flat_3[167]_i_1_n_0                                                      | rst_IBUF                           |                3 |              8 |         2.67 |
|  clk_IBUF_BUFG | fsm_uut/din_flat_3[231]_i_1_n_0                                                      | rst_IBUF                           |                6 |              8 |         1.33 |
|  clk_IBUF_BUFG | fsm_uut/din_flat_3[295]_i_1_n_0                                                      | rst_IBUF                           |                4 |              8 |         2.00 |
|  clk_IBUF_BUFG | fsm_uut/din_flat_3[199]_i_1_n_0                                                      | rst_IBUF                           |                3 |              8 |         2.67 |
|  clk_IBUF_BUFG | fsm_uut/din_flat_3[359]_i_1_n_0                                                      | rst_IBUF                           |                1 |              8 |         8.00 |
|  clk_IBUF_BUFG | fsm_uut/din_flat_3[71]_i_1_n_0                                                       | rst_IBUF                           |                3 |              8 |         2.67 |
|  clk_IBUF_BUFG | fsm_uut/din_flat_3[487]_i_1_n_0                                                      | rst_IBUF                           |                1 |              8 |         8.00 |
|  clk_IBUF_BUFG | fsm_uut/din_flat_3[327]_i_1_n_0                                                      | rst_IBUF                           |                4 |              8 |         2.00 |
|  clk_IBUF_BUFG | fsm_uut/din_flat_3[135]_i_1_n_0                                                      | rst_IBUF                           |                2 |              8 |         4.00 |
|  clk_IBUF_BUFG | fsm_uut/din_flat_3[103]_i_1_n_0                                                      | rst_IBUF                           |                4 |              8 |         2.00 |
|  clk_IBUF_BUFG | fsm_uut/din_flat_3[391]_i_1_n_0                                                      | rst_IBUF                           |                3 |              8 |         2.67 |
|  clk_IBUF_BUFG | fsm_uut/din_flat_3[423]_i_1_n_0                                                      | rst_IBUF                           |                3 |              8 |         2.67 |
|  clk_IBUF_BUFG | fsm_uut/pi_data[7]_i_1_n_0                                                           | rst_IBUF                           |                4 |              8 |         2.00 |
|  clk_IBUF_BUFG | fsm_uut/result_2[10][7]_i_1_n_0                                                      | rst_IBUF                           |                5 |              8 |         1.60 |
|  clk_IBUF_BUFG | fsm_uut/result_2[14][7]_i_1_n_0                                                      | rst_IBUF                           |                3 |              8 |         2.67 |
|  clk_IBUF_BUFG | fsm_uut/result_2[15][7]_i_1_n_0                                                      | rst_IBUF                           |                4 |              8 |         2.00 |
|  clk_IBUF_BUFG | fsm_uut/result_3[3][7]_i_1_n_0                                                       | rst_IBUF                           |                3 |              8 |         2.67 |
|  clk_IBUF_BUFG | fsm_uut/result_2[3][7]_i_1_n_0                                                       | rst_IBUF                           |                3 |              8 |         2.67 |
|  clk_IBUF_BUFG | fsm_uut/result_2[4][7]_i_1_n_0                                                       | rst_IBUF                           |                4 |              8 |         2.00 |
|  clk_IBUF_BUFG | fsm_uut/rank_value[7]_i_1_n_0                                                        | rst_IBUF                           |                5 |              8 |         1.60 |
|  clk_IBUF_BUFG | fsm_uut/result_2[11][7]_i_1_n_0                                                      | rst_IBUF                           |                2 |              8 |         4.00 |
|  clk_IBUF_BUFG | fsm_uut/result_2[12][7]_i_1_n_0                                                      | rst_IBUF                           |                3 |              8 |         2.67 |
|  clk_IBUF_BUFG | fsm_uut/result_2[13][7]_i_1_n_0                                                      | rst_IBUF                           |                3 |              8 |         2.67 |
|  clk_IBUF_BUFG | fsm_uut/result_3[1][7]_i_1_n_0                                                       | rst_IBUF                           |                5 |              8 |         1.60 |
|  clk_IBUF_BUFG | fsm_uut/result_2[7][7]_i_1_n_0                                                       | rst_IBUF                           |                3 |              8 |         2.67 |
|  clk_IBUF_BUFG | fsm_uut/result_3[0][7]_i_1_n_0                                                       | rst_IBUF                           |                4 |              8 |         2.00 |
|  clk_IBUF_BUFG | fsm_uut/result_3[12][7]_i_1_n_0                                                      | rst_IBUF                           |                3 |              8 |         2.67 |
|  clk_IBUF_BUFG | fsm_uut/result_3[15][7]_i_1_n_0                                                      | rst_IBUF                           |                3 |              8 |         2.67 |
|  clk_IBUF_BUFG | fsm_uut/result_3[4][7]_i_1_n_0                                                       | rst_IBUF                           |                4 |              8 |         2.00 |
|  clk_IBUF_BUFG | fsm_uut/result_2[6][7]_i_1_n_0                                                       | rst_IBUF                           |                4 |              8 |         2.00 |
|  clk_IBUF_BUFG | fsm_uut/result_3[6][7]_i_1_n_0                                                       | rst_IBUF                           |                6 |              8 |         1.33 |
|  clk_IBUF_BUFG | fsm_uut/result_byte_cnt0                                                             | fsm_uut/clear                      |                3 |              8 |         2.67 |
|  clk_IBUF_BUFG | fsm_uut/result_3[5][7]_i_1_n_0                                                       | rst_IBUF                           |                5 |              8 |         1.60 |
|  clk_IBUF_BUFG | fsm_uut/result_2[5][7]_i_1_n_0                                                       | rst_IBUF                           |                2 |              8 |         4.00 |
|  clk_IBUF_BUFG | fsm_uut/result_3[9][7]_i_1_n_0                                                       | rst_IBUF                           |                4 |              8 |         2.00 |
|  clk_IBUF_BUFG | fsm_uut/result_3[10][7]_i_1_n_0                                                      | rst_IBUF                           |                4 |              8 |         2.00 |
|  clk_IBUF_BUFG | fsm_uut/result_3[8][7]_i_1_n_0                                                       | rst_IBUF                           |                6 |              8 |         1.33 |
|  clk_IBUF_BUFG | fsm_uut/result_3[13][7]_i_1_n_0                                                      | rst_IBUF                           |                3 |              8 |         2.67 |
|  clk_IBUF_BUFG | fsm_uut/result_3[14][7]_i_1_n_0                                                      | rst_IBUF                           |                6 |              8 |         1.33 |
|  clk_IBUF_BUFG | fsm_uut/result_3[11][7]_i_1_n_0                                                      | rst_IBUF                           |                2 |              8 |         4.00 |
|  clk_IBUF_BUFG |                                                                                      | uart_tx_list/baud_cnt[0]_i_1_n_0   |                4 |             13 |         3.25 |
|  clk_IBUF_BUFG | fsm_uut/rle_encode_list/seg_cnt                                                      | rst_IBUF                           |                5 |             13 |         2.60 |
|  clk_IBUF_BUFG | fsm_uut/rle_encode_list/idx                                                          | rst_IBUF                           |                5 |             13 |         2.60 |
|  clk_IBUF_BUFG | fsm_uut/rle_encode_list/done_reg_rep_8[0]                                            | rst_IBUF                           |                9 |             16 |         1.78 |
|  clk_IBUF_BUFG | fsm_uut/rle_encode_list/done_reg_9[0]                                                | rst_IBUF                           |                4 |             16 |         4.00 |
|  clk_IBUF_BUFG | fsm_uut/rle_encode_list/done_reg_8[0]                                                | rst_IBUF                           |                8 |             16 |         2.00 |
|  clk_IBUF_BUFG | fsm_uut/rle_encode_list/done_reg_rep_10[0]                                           | rst_IBUF                           |                4 |             16 |         4.00 |
|  clk_IBUF_BUFG | fsm_uut/rle_encode_list/value[1][7]_i_1_n_0                                          | rst_IBUF                           |                2 |             16 |         8.00 |
|  clk_IBUF_BUFG | fsm_uut/rle_encode_list/E[0]                                                         | rst_IBUF                           |                6 |             16 |         2.67 |
|  clk_IBUF_BUFG | fsm_uut/rle_encode_list/value                                                        | rst_IBUF                           |                3 |             16 |         5.33 |
|  clk_IBUF_BUFG | fsm_uut/rle_encode_list/value[10][7]_i_1_n_0                                         | rst_IBUF                           |                7 |             16 |         2.29 |
|  clk_IBUF_BUFG | fsm_uut/rle_encode_list/done_reg_rep_9[0]                                            | rst_IBUF                           |                7 |             16 |         2.29 |
|  clk_IBUF_BUFG | fsm_uut/rle_encode_list/value[5][7]_i_1_n_0                                          | rst_IBUF                           |                7 |             16 |         2.29 |
|  clk_IBUF_BUFG | fsm_uut/rle_encode_list/value[4][7]_i_1_n_0                                          | rst_IBUF                           |               10 |             16 |         1.60 |
|  clk_IBUF_BUFG | fsm_uut/rle_encode_list/value[14][7]_i_1_n_0                                         | rst_IBUF                           |                8 |             16 |         2.00 |
|  clk_IBUF_BUFG | fsm_uut/rle_encode_list/value[12][7]_i_1_n_0                                         | rst_IBUF                           |                7 |             16 |         2.29 |
|  clk_IBUF_BUFG | fsm_uut/rle_encode_list/value[9][7]_i_1_n_0                                          | rst_IBUF                           |                9 |             16 |         1.78 |
|  clk_IBUF_BUFG | fsm_uut/rle_encode_list/value[8][7]_i_1_n_0                                          | rst_IBUF                           |                7 |             16 |         2.29 |
|  clk_IBUF_BUFG | fsm_uut/rle_encode_list/done_reg_rep__0_8[0]                                         | rst_IBUF                           |                5 |             16 |         3.20 |
|  clk_IBUF_BUFG | fsm_uut/rle_encode_list/value[7][7]_i_1_n_0                                          | rst_IBUF                           |                7 |             16 |         2.29 |
|  clk_IBUF_BUFG | fsm_uut/rle_encode_list/value[3][7]_i_1_n_0                                          | rst_IBUF                           |                6 |             16 |         2.67 |
|  clk_IBUF_BUFG | fsm_uut/rle_encode_list/value[15][7]_i_1_n_0                                         | rst_IBUF                           |                6 |             16 |         2.67 |
|  clk_IBUF_BUFG | fsm_uut/rle_encode_list/value[13][7]_i_1_n_0                                         | rst_IBUF                           |                6 |             16 |         2.67 |
|  clk_IBUF_BUFG | fsm_uut/rle_encode_list/value[6][7]_i_1_n_0                                          | rst_IBUF                           |                9 |             16 |         1.78 |
|  clk_IBUF_BUFG | fsm_uut/rle_encode_list/value[2][7]_i_1_n_0                                          | rst_IBUF                           |                4 |             16 |         4.00 |
|  clk_IBUF_BUFG | fsm_uut/rle_encode_list/value[11][7]_i_1_n_0                                         | rst_IBUF                           |                9 |             16 |         1.78 |
|  clk_IBUF_BUFG | fsm_uut/rle_encode_list/done_reg_rep__0_10[0]                                        | rst_IBUF                           |                8 |             16 |         2.00 |
|  clk_IBUF_BUFG | fsm_uut/rle_encode_list/done_reg_rep__0_9[0]                                         | rst_IBUF                           |                8 |             16 |         2.00 |
|  clk_IBUF_BUFG | fsm_uut/rle_encode_list/done_reg_rep__1_7[0]                                         | rst_IBUF                           |                5 |             16 |         3.20 |
|  clk_IBUF_BUFG | fsm_uut/rle_encode_list/done_reg_rep__1_8[0]                                         | rst_IBUF                           |                4 |             16 |         4.00 |
|  clk_IBUF_BUFG | fsm_uut/rle_encode_list/done_reg_rep__1_9[0]                                         | rst_IBUF                           |                5 |             16 |         3.20 |
|  clk_IBUF_BUFG | fsm_uut/rle_encode_list/index_reg[2][0]                                              | rst_IBUF                           |                5 |             16 |         3.20 |
|  clk_IBUF_BUFG | fsm_uut/rle_encode_list/index_reg[4][0]                                              | rst_IBUF                           |                7 |             16 |         2.29 |
|  clk_IBUF_BUFG | fsm_uut/rle_encode_list/index_reg[4]_0[0]                                            | rst_IBUF                           |                5 |             16 |         3.20 |
|  clk_IBUF_BUFG | fsm_uut/rle_encode_list/index_reg[4]_1[0]                                            | rst_IBUF                           |                4 |             16 |         4.00 |
|  clk_IBUF_BUFG |                                                                                      | seg_uut/cnt[0]_i_1__0_n_0          |                5 |             19 |         3.80 |
|  clk_IBUF_BUFG | fsm_uut/normalization_list/dividend[14]_i_1_n_0                                      | rst_IBUF                           |                5 |             23 |         4.60 |
|  clk_IBUF_BUFG | fsm_uut/buff_data[0][7]_i_2_n_0                                                      | key_debounce_s3/SR[0]              |                7 |             24 |         3.43 |
|  clk_IBUF_BUFG | fsm_uut/buff_data[14][7]_i_1_n_0                                                     | key_debounce_s3/SR[0]              |                9 |             24 |         2.67 |
|  clk_IBUF_BUFG | fsm_uut/buff_data[3][7]_i_1_n_0                                                      | key_debounce_s3/SR[0]              |               10 |             24 |         2.40 |
|  clk_IBUF_BUFG | fsm_uut/buff_data[7][7]_i_1_n_0                                                      | key_debounce_s3/SR[0]              |                7 |             24 |         3.43 |
|  clk_IBUF_BUFG | fsm_uut/buff_data[10][7]_i_1_n_0                                                     | key_debounce_s3/SR[0]              |               10 |             24 |         2.40 |
|  clk_IBUF_BUFG | fsm_uut/buff_data[8][7]_i_1_n_0                                                      | key_debounce_s3/SR[0]              |                7 |             24 |         3.43 |
|  clk_IBUF_BUFG | fsm_uut/buff_data                                                                    | key_debounce_s3/SR[0]              |                7 |             24 |         3.43 |
|  clk_IBUF_BUFG | fsm_uut/buff_data[6][7]_i_1_n_0                                                      | key_debounce_s3/SR[0]              |                6 |             24 |         4.00 |
|  clk_IBUF_BUFG | fsm_uut/buff_data[12][7]_i_1_n_0                                                     | key_debounce_s3/SR[0]              |                7 |             24 |         3.43 |
|  clk_IBUF_BUFG | fsm_uut/buff_data[2][7]_i_1_n_0                                                      | key_debounce_s3/SR[0]              |                7 |             24 |         3.43 |
|  clk_IBUF_BUFG | fsm_uut/buff_data[13][7]_i_1_n_0                                                     | key_debounce_s3/SR[0]              |                7 |             24 |         3.43 |
|  clk_IBUF_BUFG | fsm_uut/buff_data[9][7]_i_1_n_0                                                      | key_debounce_s3/SR[0]              |                5 |             24 |         4.80 |
|  clk_IBUF_BUFG | fsm_uut/buff_data[5][7]_i_1_n_0                                                      | key_debounce_s3/SR[0]              |                8 |             24 |         3.00 |
|  clk_IBUF_BUFG | fsm_uut/buff_data[4][7]_i_1_n_0                                                      | key_debounce_s3/SR[0]              |               10 |             24 |         2.40 |
|  clk_IBUF_BUFG | fsm_uut/buff_data[1][7]_i_1_n_0                                                      | key_debounce_s3/SR[0]              |                7 |             24 |         3.43 |
|  clk_IBUF_BUFG | fsm_uut/buff_data[11][7]_i_1_n_0                                                     | key_debounce_s3/SR[0]              |                6 |             24 |         4.00 |
|  clk_IBUF_BUFG |                                                                                      | key_debounce_s4/cnt[24]_i_1__2_n_0 |                6 |             25 |         4.17 |
|  clk_IBUF_BUFG |                                                                                      | key_debounce_s1/cnt[24]_i_1_n_0    |                7 |             25 |         3.57 |
|  clk_IBUF_BUFG |                                                                                      | key_debounce_s3/cnt[24]_i_1__1_n_0 |                5 |             25 |         5.00 |
|  clk_IBUF_BUFG |                                                                                      | key_debounce_s2/cnt[24]_i_1__0_n_0 |                7 |             25 |         3.57 |
|  clk_IBUF_BUFG | ds1302_wr_drive_list/ds1302_io_convert_inst/spi_master_inst/spi_edge_cnt[27]_i_1_n_0 | rst_IBUF                           |                6 |             29 |         4.83 |
|  clk_IBUF_BUFG |                                                                                      | fsm_uut/TX_DATA[2][39]_i_1_n_0     |                8 |             32 |         4.00 |
|  clk_IBUF_BUFG |                                                                                      | fsm_uut/TX_DATA[9][39]_i_1_n_0     |               15 |             32 |         2.13 |
|  clk_IBUF_BUFG |                                                                                      | fsm_uut/TX_DATA[6][39]_i_1_n_0     |                8 |             32 |         4.00 |
|  clk_IBUF_BUFG |                                                                                      | fsm_uut/TX_DATA[7][39]_i_1_n_0     |               10 |             32 |         3.20 |
|  clk_IBUF_BUFG |                                                                                      | fsm_uut/TX_DATA[4][39]_i_1_n_0     |               12 |             32 |         2.67 |
|  clk_IBUF_BUFG |                                                                                      | fsm_uut/TX_DATA[1][39]_i_1_n_0     |                7 |             32 |         4.57 |
|  clk_IBUF_BUFG |                                                                                      | fsm_uut/TX_DATA[5][39]_i_1_n_0     |               15 |             32 |         2.13 |
|  clk_IBUF_BUFG |                                                                                      | fsm_uut/TX_DATA[8][39]_i_1_n_0     |               16 |             32 |         2.00 |
|  clk_IBUF_BUFG |                                                                                      | fsm_uut/TX_DATA[10][39]_i_1_n_0    |               14 |             32 |         2.29 |
|  clk_IBUF_BUFG |                                                                                      | fsm_uut/TX_DATA[0][39]_i_1_n_0     |                8 |             32 |         4.00 |
|  clk_IBUF_BUFG |                                                                                      | fsm_uut/TX_DATA[14][39]_i_1_n_0    |                7 |             32 |         4.57 |
|  clk_IBUF_BUFG |                                                                                      | fsm_uut/TX_DATA[13][39]_i_1_n_0    |                8 |             32 |         4.00 |
|  clk_IBUF_BUFG |                                                                                      | fsm_uut/TX_DATA[15][39]_i_1_n_0    |               14 |             32 |         2.29 |
|  clk_IBUF_BUFG |                                                                                      | fsm_uut/TX_DATA[11][39]_i_1_n_0    |               10 |             32 |         3.20 |
|  clk_IBUF_BUFG |                                                                                      | fsm_uut/TX_DATA[12][39]_i_1_n_0    |               13 |             32 |         2.46 |
|  clk_IBUF_BUFG | ad_crtl_list/iic_drive_list/iic_ready_reg_0                                          | rst_IBUF                           |                7 |             32 |         4.57 |
|  clk_IBUF_BUFG |                                                                                      | fsm_uut/TX_DATA[3][39]_i_1_n_0     |               12 |             32 |         2.67 |
|  clk_IBUF_BUFG | fsm_uut/normalization_list/result_val_flat[127]_i_1_n_0                              | rst_IBUF                           |               29 |            128 |         4.41 |
|  clk_IBUF_BUFG | fsm_uut/rle_encode_list/raw_flat[127]_i_1_n_0                                        | rst_IBUF                           |               25 |            128 |         5.12 |
|  clk_IBUF_BUFG | fsm_uut/rle_encode_list/valid_cnt_r[4]_i_1_n_0                                       | rst_IBUF                           |               30 |            133 |         4.43 |
|  clk_IBUF_BUFG | fsm_uut/rle_encode_list/value_flat[127]_i_1_n_0                                      | rst_IBUF                           |               62 |            256 |         4.13 |
|  clk_IBUF_BUFG |                                                                                      | rst_IBUF                           |              163 |            514 |         3.15 |
+----------------+--------------------------------------------------------------------------------------+------------------------------------+------------------+----------------+--------------+


