Vivado Simulator v2023.2
Copyright 1986-2022 Xilinx, Inc. All Rights Reserved.
Copyright 2022-2023 Advanced Micro Devices, Inc. All Rights Reserved.
Running: D:/vivado/Vivado/2023.2/bin/unwrapped/win64.o/xelab.exe --incr --debug typical --relax --mt 2 -L xil_defaultlib -L unisims_ver -L unimacro_ver -L secureip --snapshot tb_fsm_behav xil_defaultlib.tb_fsm xil_defaultlib.glbl -log elaborate.log 
Using 2 slave threads.
Starting static elaboration
Pass Through NonSizing Optimizer
WARNING: [VRFC 10-3091] actual bit length 1 differs from formal bit length 4 for port 'one' [C:/Users/zhang/Desktop/test_fpga/Indu_Monitor/Indu_Monitor.srcs/sources_1/new/fsm.v:262]
WARNING: [VRFC 10-3091] actual bit length 1 differs from formal bit length 4 for port 'ten' [C:/Users/zhang/Desktop/test_fpga/Indu_Monitor/Indu_Monitor.srcs/sources_1/new/fsm.v:263]
WARNING: [VRFC 10-3091] actual bit length 1 differs from formal bit length 4 for port 'hund' [C:/Users/zhang/Desktop/test_fpga/Indu_Monitor/Indu_Monitor.srcs/sources_1/new/fsm.v:264]
WARNING: [VRFC 10-3091] actual bit length 1 differs from formal bit length 4 for port 'one' [C:/Users/zhang/Desktop/test_fpga/Indu_Monitor/Indu_Monitor.srcs/sources_1/new/fsm.v:274]
WARNING: [VRFC 10-3091] actual bit length 1 differs from formal bit length 4 for port 'ten' [C:/Users/zhang/Desktop/test_fpga/Indu_Monitor/Indu_Monitor.srcs/sources_1/new/fsm.v:275]
WARNING: [VRFC 10-3091] actual bit length 1 differs from formal bit length 4 for port 'hund' [C:/Users/zhang/Desktop/test_fpga/Indu_Monitor/Indu_Monitor.srcs/sources_1/new/fsm.v:276]
Completed static elaboration
Starting simulation data flow analysis
Completed simulation data flow analysis
Time Resolution for simulation is 1ps
Compiling module xil_defaultlib.bcd_3digit
Compiling module xil_defaultlib.fsm
Compiling module xil_defaultlib.tb_fsm
Compiling module xil_defaultlib.glbl
Built simulation snapshot tb_fsm_behav
